The system is: Linux - 4.14.70-v7+ - armv7l
Compiling the C compiler identification source file "CMakeCCompilerId.c" succeeded.
Compiler: /usr/bin/cc 
Build flags: 
Id flags: 

The output was:
0


Compilation of the C compiler identification source "CMakeCCompilerId.c" produced "a.out"

The C compiler identification is GNU, found in "/home/pi/lighthouse/lib/libjpeg-turbo-master/build/CMakeFiles/3.7.2/CompilerIdC/a.out"

Determining if the C compiler works passed with the following output:
Change Dir: /home/pi/lighthouse/lib/libjpeg-turbo-master/build/CMakeFiles/CMakeTmp

Run Build Command:"/usr/bin/make" "cmTC_e45c0/fast"
/usr/bin/make -f CMakeFiles/cmTC_e45c0.dir/build.make CMakeFiles/cmTC_e45c0.dir/build
make[1]: Går till katalogen ”/home/pi/lighthouse/lib/libjpeg-turbo-master/build/CMakeFiles/CMakeTmp”
Building C object CMakeFiles/cmTC_e45c0.dir/testCCompiler.c.o
/usr/bin/cc     -o CMakeFiles/cmTC_e45c0.dir/testCCompiler.c.o   -c /home/pi/lighthouse/lib/libjpeg-turbo-master/build/CMakeFiles/CMakeTmp/testCCompiler.c
Linking C executable cmTC_e45c0
/usr/bin/cmake -E cmake_link_script CMakeFiles/cmTC_e45c0.dir/link.txt --verbose=1
/usr/bin/cc       CMakeFiles/cmTC_e45c0.dir/testCCompiler.c.o  -o cmTC_e45c0 -rdynamic 
make[1]: Lämnar katalogen ”/home/pi/lighthouse/lib/libjpeg-turbo-master/build/CMakeFiles/CMakeTmp”


Detecting C compiler ABI info compiled with the following output:
Change Dir: /home/pi/lighthouse/lib/libjpeg-turbo-master/build/CMakeFiles/CMakeTmp

Run Build Command:"/usr/bin/make" "cmTC_89e95/fast"
/usr/bin/make -f CMakeFiles/cmTC_89e95.dir/build.make CMakeFiles/cmTC_89e95.dir/build
make[1]: Går till katalogen ”/home/pi/lighthouse/lib/libjpeg-turbo-master/build/CMakeFiles/CMakeTmp”
Building C object CMakeFiles/cmTC_89e95.dir/CMakeCCompilerABI.c.o
/usr/bin/cc     -o CMakeFiles/cmTC_89e95.dir/CMakeCCompilerABI.c.o   -c /usr/share/cmake-3.7/Modules/CMakeCCompilerABI.c
Linking C executable cmTC_89e95
/usr/bin/cmake -E cmake_link_script CMakeFiles/cmTC_89e95.dir/link.txt --verbose=1
/usr/bin/cc      -v CMakeFiles/cmTC_89e95.dir/CMakeCCompilerABI.c.o  -o cmTC_89e95 -rdynamic  
Using built-in specs.
COLLECT_GCC=/usr/bin/cc
COLLECT_LTO_WRAPPER=/usr/lib/gcc/arm-linux-gnueabihf/6/lto-wrapper
Target: arm-linux-gnueabihf
Configured with: ../src/configure -v --with-pkgversion='Raspbian 6.3.0-18+rpi1+deb9u1' --with-bugurl=file:///usr/share/doc/gcc-6/README.Bugs --enable-languages=c,ada,c++,java,go,d,fortran,objc,obj-c++ --prefix=/usr --program-suffix=-6 --program-prefix=arm-linux-gnueabihf- --enable-shared --enable-linker-build-id --libexecdir=/usr/lib --without-included-gettext --enable-threads=posix --libdir=/usr/lib --enable-nls --with-sysroot=/ --enable-clocale=gnu --enable-libstdcxx-debug --enable-libstdcxx-time=yes --with-default-libstdcxx-abi=new --enable-gnu-unique-object --disable-libitm --disable-libquadmath --enable-plugin --with-system-zlib --disable-browser-plugin --enable-java-awt=gtk --enable-gtk-cairo --with-java-home=/usr/lib/jvm/java-1.5.0-gcj-6-armhf/jre --enable-java-home --with-jvm-root-dir=/usr/lib/jvm/java-1.5.0-gcj-6-armhf --with-jvm-jar-dir=/usr/lib/jvm-exports/java-1.5.0-gcj-6-armhf --with-arch-directory=arm --with-ecj-jar=/usr/share/java/eclipse-ecj.jar --with-target-system-zlib --enable-objc-gc=auto --enable-multiarch --disable-sjlj-exceptions --with-arch=armv6 --with-fpu=vfp --with-float=hard --enable-checking=release --build=arm-linux-gnueabihf --host=arm-linux-gnueabihf --target=arm-linux-gnueabihf
Thread model: posix
gcc version 6.3.0 20170516 (Raspbian 6.3.0-18+rpi1+deb9u1) 
COMPILER_PATH=/usr/lib/gcc/arm-linux-gnueabihf/6/:/usr/lib/gcc/arm-linux-gnueabihf/6/:/usr/lib/gcc/arm-linux-gnueabihf/:/usr/lib/gcc/arm-linux-gnueabihf/6/:/usr/lib/gcc/arm-linux-gnueabihf/
LIBRARY_PATH=/usr/lib/gcc/arm-linux-gnueabihf/6/:/usr/lib/gcc/arm-linux-gnueabihf/6/../../../arm-linux-gnueabihf/:/usr/lib/gcc/arm-linux-gnueabihf/6/../../../:/lib/arm-linux-gnueabihf/:/lib/:/usr/lib/arm-linux-gnueabihf/:/usr/lib/
COLLECT_GCC_OPTIONS='-v' '-o' 'cmTC_89e95' '-rdynamic' '-march=armv6' '-mfloat-abi=hard' '-mfpu=vfp' '-mtls-dialect=gnu'
 /usr/lib/gcc/arm-linux-gnueabihf/6/collect2 -plugin /usr/lib/gcc/arm-linux-gnueabihf/6/liblto_plugin.so -plugin-opt=/usr/lib/gcc/arm-linux-gnueabihf/6/lto-wrapper -plugin-opt=-fresolution=/tmp/ccQyLtYQ.res -plugin-opt=-pass-through=-lgcc -plugin-opt=-pass-through=-lgcc_s -plugin-opt=-pass-through=-lc -plugin-opt=-pass-through=-lgcc -plugin-opt=-pass-through=-lgcc_s --sysroot=/ --build-id --eh-frame-hdr -export-dynamic -dynamic-linker /lib/ld-linux-armhf.so.3 -X --hash-style=gnu -m armelf_linux_eabi -o cmTC_89e95 /usr/lib/gcc/arm-linux-gnueabihf/6/../../../arm-linux-gnueabihf/crt1.o /usr/lib/gcc/arm-linux-gnueabihf/6/../../../arm-linux-gnueabihf/crti.o /usr/lib/gcc/arm-linux-gnueabihf/6/crtbegin.o -L/usr/lib/gcc/arm-linux-gnueabihf/6 -L/usr/lib/gcc/arm-linux-gnueabihf/6/../../../arm-linux-gnueabihf -L/usr/lib/gcc/arm-linux-gnueabihf/6/../../.. -L/lib/arm-linux-gnueabihf -L/usr/lib/arm-linux-gnueabihf CMakeFiles/cmTC_89e95.dir/CMakeCCompilerABI.c.o -lgcc --as-needed -lgcc_s --no-as-needed -lc -lgcc --as-needed -lgcc_s --no-as-needed /usr/lib/gcc/arm-linux-gnueabihf/6/crtend.o /usr/lib/gcc/arm-linux-gnueabihf/6/../../../arm-linux-gnueabihf/crtn.o
COLLECT_GCC_OPTIONS='-v' '-o' 'cmTC_89e95' '-rdynamic' '-march=armv6' '-mfloat-abi=hard' '-mfpu=vfp' '-mtls-dialect=gnu'
make[1]: Lämnar katalogen ”/home/pi/lighthouse/lib/libjpeg-turbo-master/build/CMakeFiles/CMakeTmp”


Parsed C implicit link information from above output:
  link line regex: [^( *|.*[/\])(ld|([^/\]+-)?ld|collect2)[^/\]*( |$)]
  ignore line: [Change Dir: /home/pi/lighthouse/lib/libjpeg-turbo-master/build/CMakeFiles/CMakeTmp]
  ignore line: []
  ignore line: [Run Build Command:"/usr/bin/make" "cmTC_89e95/fast"]
  ignore line: [/usr/bin/make -f CMakeFiles/cmTC_89e95.dir/build.make CMakeFiles/cmTC_89e95.dir/build]
  ignore line: [make[1]: Går till katalogen ”/home/pi/lighthouse/lib/libjpeg-turbo-master/build/CMakeFiles/CMakeTmp”]
  ignore line: [Building C object CMakeFiles/cmTC_89e95.dir/CMakeCCompilerABI.c.o]
  ignore line: [/usr/bin/cc     -o CMakeFiles/cmTC_89e95.dir/CMakeCCompilerABI.c.o   -c /usr/share/cmake-3.7/Modules/CMakeCCompilerABI.c]
  ignore line: [Linking C executable cmTC_89e95]
  ignore line: [/usr/bin/cmake -E cmake_link_script CMakeFiles/cmTC_89e95.dir/link.txt --verbose=1]
  ignore line: [/usr/bin/cc      -v CMakeFiles/cmTC_89e95.dir/CMakeCCompilerABI.c.o  -o cmTC_89e95 -rdynamic  ]
  ignore line: [Using built-in specs.]
  ignore line: [COLLECT_GCC=/usr/bin/cc]
  ignore line: [COLLECT_LTO_WRAPPER=/usr/lib/gcc/arm-linux-gnueabihf/6/lto-wrapper]
  ignore line: [Target: arm-linux-gnueabihf]
  ignore line: [Configured with: ../src/configure -v --with-pkgversion='Raspbian 6.3.0-18+rpi1+deb9u1' --with-bugurl=file:///usr/share/doc/gcc-6/README.Bugs --enable-languages=c,ada,c++,java,go,d,fortran,objc,obj-c++ --prefix=/usr --program-suffix=-6 --program-prefix=arm-linux-gnueabihf- --enable-shared --enable-linker-build-id --libexecdir=/usr/lib --without-included-gettext --enable-threads=posix --libdir=/usr/lib --enable-nls --with-sysroot=/ --enable-clocale=gnu --enable-libstdcxx-debug --enable-libstdcxx-time=yes --with-default-libstdcxx-abi=new --enable-gnu-unique-object --disable-libitm --disable-libquadmath --enable-plugin --with-system-zlib --disable-browser-plugin --enable-java-awt=gtk --enable-gtk-cairo --with-java-home=/usr/lib/jvm/java-1.5.0-gcj-6-armhf/jre --enable-java-home --with-jvm-root-dir=/usr/lib/jvm/java-1.5.0-gcj-6-armhf --with-jvm-jar-dir=/usr/lib/jvm-exports/java-1.5.0-gcj-6-armhf --with-arch-directory=arm --with-ecj-jar=/usr/share/java/eclipse-ecj.jar --with-target-system-zlib --enable-objc-gc=auto --enable-multiarch --disable-sjlj-exceptions --with-arch=armv6 --with-fpu=vfp --with-float=hard --enable-checking=release --build=arm-linux-gnueabihf --host=arm-linux-gnueabihf --target=arm-linux-gnueabihf]
  ignore line: [Thread model: posix]
  ignore line: [gcc version 6.3.0 20170516 (Raspbian 6.3.0-18+rpi1+deb9u1) ]
  ignore line: [COMPILER_PATH=/usr/lib/gcc/arm-linux-gnueabihf/6/:/usr/lib/gcc/arm-linux-gnueabihf/6/:/usr/lib/gcc/arm-linux-gnueabihf/:/usr/lib/gcc/arm-linux-gnueabihf/6/:/usr/lib/gcc/arm-linux-gnueabihf/]
  ignore line: [LIBRARY_PATH=/usr/lib/gcc/arm-linux-gnueabihf/6/:/usr/lib/gcc/arm-linux-gnueabihf/6/../../../arm-linux-gnueabihf/:/usr/lib/gcc/arm-linux-gnueabihf/6/../../../:/lib/arm-linux-gnueabihf/:/lib/:/usr/lib/arm-linux-gnueabihf/:/usr/lib/]
  ignore line: [COLLECT_GCC_OPTIONS='-v' '-o' 'cmTC_89e95' '-rdynamic' '-march=armv6' '-mfloat-abi=hard' '-mfpu=vfp' '-mtls-dialect=gnu']
  link line: [ /usr/lib/gcc/arm-linux-gnueabihf/6/collect2 -plugin /usr/lib/gcc/arm-linux-gnueabihf/6/liblto_plugin.so -plugin-opt=/usr/lib/gcc/arm-linux-gnueabihf/6/lto-wrapper -plugin-opt=-fresolution=/tmp/ccQyLtYQ.res -plugin-opt=-pass-through=-lgcc -plugin-opt=-pass-through=-lgcc_s -plugin-opt=-pass-through=-lc -plugin-opt=-pass-through=-lgcc -plugin-opt=-pass-through=-lgcc_s --sysroot=/ --build-id --eh-frame-hdr -export-dynamic -dynamic-linker /lib/ld-linux-armhf.so.3 -X --hash-style=gnu -m armelf_linux_eabi -o cmTC_89e95 /usr/lib/gcc/arm-linux-gnueabihf/6/../../../arm-linux-gnueabihf/crt1.o /usr/lib/gcc/arm-linux-gnueabihf/6/../../../arm-linux-gnueabihf/crti.o /usr/lib/gcc/arm-linux-gnueabihf/6/crtbegin.o -L/usr/lib/gcc/arm-linux-gnueabihf/6 -L/usr/lib/gcc/arm-linux-gnueabihf/6/../../../arm-linux-gnueabihf -L/usr/lib/gcc/arm-linux-gnueabihf/6/../../.. -L/lib/arm-linux-gnueabihf -L/usr/lib/arm-linux-gnueabihf CMakeFiles/cmTC_89e95.dir/CMakeCCompilerABI.c.o -lgcc --as-needed -lgcc_s --no-as-needed -lc -lgcc --as-needed -lgcc_s --no-as-needed /usr/lib/gcc/arm-linux-gnueabihf/6/crtend.o /usr/lib/gcc/arm-linux-gnueabihf/6/../../../arm-linux-gnueabihf/crtn.o]
    arg [/usr/lib/gcc/arm-linux-gnueabihf/6/collect2] ==> ignore
    arg [-plugin] ==> ignore
    arg [/usr/lib/gcc/arm-linux-gnueabihf/6/liblto_plugin.so] ==> ignore
    arg [-plugin-opt=/usr/lib/gcc/arm-linux-gnueabihf/6/lto-wrapper] ==> ignore
    arg [-plugin-opt=-fresolution=/tmp/ccQyLtYQ.res] ==> ignore
    arg [-plugin-opt=-pass-through=-lgcc] ==> ignore
    arg [-plugin-opt=-pass-through=-lgcc_s] ==> ignore
    arg [-plugin-opt=-pass-through=-lc] ==> ignore
    arg [-plugin-opt=-pass-through=-lgcc] ==> ignore
    arg [-plugin-opt=-pass-through=-lgcc_s] ==> ignore
    arg [--sysroot=/] ==> ignore
    arg [--build-id] ==> ignore
    arg [--eh-frame-hdr] ==> ignore
    arg [-export-dynamic] ==> ignore
    arg [-dynamic-linker] ==> ignore
    arg [/lib/ld-linux-armhf.so.3] ==> ignore
    arg [-X] ==> ignore
    arg [--hash-style=gnu] ==> ignore
    arg [-m] ==> ignore
    arg [armelf_linux_eabi] ==> ignore
    arg [-o] ==> ignore
    arg [cmTC_89e95] ==> ignore
    arg [/usr/lib/gcc/arm-linux-gnueabihf/6/../../../arm-linux-gnueabihf/crt1.o] ==> ignore
    arg [/usr/lib/gcc/arm-linux-gnueabihf/6/../../../arm-linux-gnueabihf/crti.o] ==> ignore
    arg [/usr/lib/gcc/arm-linux-gnueabihf/6/crtbegin.o] ==> ignore
    arg [-L/usr/lib/gcc/arm-linux-gnueabihf/6] ==> dir [/usr/lib/gcc/arm-linux-gnueabihf/6]
    arg [-L/usr/lib/gcc/arm-linux-gnueabihf/6/../../../arm-linux-gnueabihf] ==> dir [/usr/lib/gcc/arm-linux-gnueabihf/6/../../../arm-linux-gnueabihf]
    arg [-L/usr/lib/gcc/arm-linux-gnueabihf/6/../../..] ==> dir [/usr/lib/gcc/arm-linux-gnueabihf/6/../../..]
    arg [-L/lib/arm-linux-gnueabihf] ==> dir [/lib/arm-linux-gnueabihf]
    arg [-L/usr/lib/arm-linux-gnueabihf] ==> dir [/usr/lib/arm-linux-gnueabihf]
    arg [CMakeFiles/cmTC_89e95.dir/CMakeCCompilerABI.c.o] ==> ignore
    arg [-lgcc] ==> lib [gcc]
    arg [--as-needed] ==> ignore
    arg [-lgcc_s] ==> lib [gcc_s]
    arg [--no-as-needed] ==> ignore
    arg [-lc] ==> lib [c]
    arg [-lgcc] ==> lib [gcc]
    arg [--as-needed] ==> ignore
    arg [-lgcc_s] ==> lib [gcc_s]
    arg [--no-as-needed] ==> ignore
    arg [/usr/lib/gcc/arm-linux-gnueabihf/6/crtend.o] ==> ignore
    arg [/usr/lib/gcc/arm-linux-gnueabihf/6/../../../arm-linux-gnueabihf/crtn.o] ==> ignore
  remove lib [gcc]
  remove lib [gcc_s]
  remove lib [gcc]
  remove lib [gcc_s]
  collapse library dir [/usr/lib/gcc/arm-linux-gnueabihf/6] ==> [/usr/lib/gcc/arm-linux-gnueabihf/6]
  collapse library dir [/usr/lib/gcc/arm-linux-gnueabihf/6/../../../arm-linux-gnueabihf] ==> [/usr/lib/arm-linux-gnueabihf]
  collapse library dir [/usr/lib/gcc/arm-linux-gnueabihf/6/../../..] ==> [/usr/lib]
  collapse library dir [/lib/arm-linux-gnueabihf] ==> [/lib/arm-linux-gnueabihf]
  collapse library dir [/usr/lib/arm-linux-gnueabihf] ==> [/usr/lib/arm-linux-gnueabihf]
  implicit libs: [c]
  implicit dirs: [/usr/lib/gcc/arm-linux-gnueabihf/6;/usr/lib/arm-linux-gnueabihf;/usr/lib;/lib/arm-linux-gnueabihf]
  implicit fwks: []




Detecting C [-std=c11] compiler features compiled with the following output:
Change Dir: /home/pi/lighthouse/lib/libjpeg-turbo-master/build/CMakeFiles/CMakeTmp

Run Build Command:"/usr/bin/make" "cmTC_c0603/fast"
/usr/bin/make -f CMakeFiles/cmTC_c0603.dir/build.make CMakeFiles/cmTC_c0603.dir/build
make[1]: Går till katalogen ”/home/pi/lighthouse/lib/libjpeg-turbo-master/build/CMakeFiles/CMakeTmp”
Building C object CMakeFiles/cmTC_c0603.dir/feature_tests.c.o
/usr/bin/cc    -std=c11 -o CMakeFiles/cmTC_c0603.dir/feature_tests.c.o   -c /home/pi/lighthouse/lib/libjpeg-turbo-master/build/CMakeFiles/feature_tests.c
Linking C executable cmTC_c0603
/usr/bin/cmake -E cmake_link_script CMakeFiles/cmTC_c0603.dir/link.txt --verbose=1
/usr/bin/cc       CMakeFiles/cmTC_c0603.dir/feature_tests.c.o  -o cmTC_c0603 -rdynamic 
make[1]: Lämnar katalogen ”/home/pi/lighthouse/lib/libjpeg-turbo-master/build/CMakeFiles/CMakeTmp”


    Feature record: C_FEATURE:1c_function_prototypes
    Feature record: C_FEATURE:1c_restrict
    Feature record: C_FEATURE:1c_static_assert
    Feature record: C_FEATURE:1c_variadic_macros


Detecting C [-std=c99] compiler features compiled with the following output:
Change Dir: /home/pi/lighthouse/lib/libjpeg-turbo-master/build/CMakeFiles/CMakeTmp

Run Build Command:"/usr/bin/make" "cmTC_83b73/fast"
/usr/bin/make -f CMakeFiles/cmTC_83b73.dir/build.make CMakeFiles/cmTC_83b73.dir/build
make[1]: Går till katalogen ”/home/pi/lighthouse/lib/libjpeg-turbo-master/build/CMakeFiles/CMakeTmp”
Building C object CMakeFiles/cmTC_83b73.dir/feature_tests.c.o
/usr/bin/cc    -std=c99 -o CMakeFiles/cmTC_83b73.dir/feature_tests.c.o   -c /home/pi/lighthouse/lib/libjpeg-turbo-master/build/CMakeFiles/feature_tests.c
Linking C executable cmTC_83b73
/usr/bin/cmake -E cmake_link_script CMakeFiles/cmTC_83b73.dir/link.txt --verbose=1
/usr/bin/cc       CMakeFiles/cmTC_83b73.dir/feature_tests.c.o  -o cmTC_83b73 -rdynamic 
make[1]: Lämnar katalogen ”/home/pi/lighthouse/lib/libjpeg-turbo-master/build/CMakeFiles/CMakeTmp”


    Feature record: C_FEATURE:1c_function_prototypes
    Feature record: C_FEATURE:1c_restrict
    Feature record: C_FEATURE:0c_static_assert
    Feature record: C_FEATURE:1c_variadic_macros


Detecting C [-std=c90] compiler features compiled with the following output:
Change Dir: /home/pi/lighthouse/lib/libjpeg-turbo-master/build/CMakeFiles/CMakeTmp

Run Build Command:"/usr/bin/make" "cmTC_82230/fast"
/usr/bin/make -f CMakeFiles/cmTC_82230.dir/build.make CMakeFiles/cmTC_82230.dir/build
make[1]: Går till katalogen ”/home/pi/lighthouse/lib/libjpeg-turbo-master/build/CMakeFiles/CMakeTmp”
Building C object CMakeFiles/cmTC_82230.dir/feature_tests.c.o
/usr/bin/cc    -std=c90 -o CMakeFiles/cmTC_82230.dir/feature_tests.c.o   -c /home/pi/lighthouse/lib/libjpeg-turbo-master/build/CMakeFiles/feature_tests.c
Linking C executable cmTC_82230
/usr/bin/cmake -E cmake_link_script CMakeFiles/cmTC_82230.dir/link.txt --verbose=1
/usr/bin/cc       CMakeFiles/cmTC_82230.dir/feature_tests.c.o  -o cmTC_82230 -rdynamic 
make[1]: Lämnar katalogen ”/home/pi/lighthouse/lib/libjpeg-turbo-master/build/CMakeFiles/CMakeTmp”


    Feature record: C_FEATURE:1c_function_prototypes
    Feature record: C_FEATURE:0c_restrict
    Feature record: C_FEATURE:0c_static_assert
    Feature record: C_FEATURE:0c_variadic_macros
Determining if the include file sys/types.h exists passed with the following output:
Change Dir: /home/pi/lighthouse/lib/libjpeg-turbo-master/build/CMakeFiles/CMakeTmp

Run Build Command:"/usr/bin/make" "cmTC_590c4/fast"
/usr/bin/make -f CMakeFiles/cmTC_590c4.dir/build.make CMakeFiles/cmTC_590c4.dir/build
make[1]: Går till katalogen ”/home/pi/lighthouse/lib/libjpeg-turbo-master/build/CMakeFiles/CMakeTmp”
Building C object CMakeFiles/cmTC_590c4.dir/CheckIncludeFile.c.o
/usr/bin/cc     -o CMakeFiles/cmTC_590c4.dir/CheckIncludeFile.c.o   -c /home/pi/lighthouse/lib/libjpeg-turbo-master/build/CMakeFiles/CMakeTmp/CheckIncludeFile.c
Linking C executable cmTC_590c4
/usr/bin/cmake -E cmake_link_script CMakeFiles/cmTC_590c4.dir/link.txt --verbose=1
/usr/bin/cc       CMakeFiles/cmTC_590c4.dir/CheckIncludeFile.c.o  -o cmTC_590c4 -rdynamic 
make[1]: Lämnar katalogen ”/home/pi/lighthouse/lib/libjpeg-turbo-master/build/CMakeFiles/CMakeTmp”


Determining if the include file stdint.h exists passed with the following output:
Change Dir: /home/pi/lighthouse/lib/libjpeg-turbo-master/build/CMakeFiles/CMakeTmp

Run Build Command:"/usr/bin/make" "cmTC_37664/fast"
/usr/bin/make -f CMakeFiles/cmTC_37664.dir/build.make CMakeFiles/cmTC_37664.dir/build
make[1]: Går till katalogen ”/home/pi/lighthouse/lib/libjpeg-turbo-master/build/CMakeFiles/CMakeTmp”
Building C object CMakeFiles/cmTC_37664.dir/CheckIncludeFile.c.o
/usr/bin/cc     -o CMakeFiles/cmTC_37664.dir/CheckIncludeFile.c.o   -c /home/pi/lighthouse/lib/libjpeg-turbo-master/build/CMakeFiles/CMakeTmp/CheckIncludeFile.c
Linking C executable cmTC_37664
/usr/bin/cmake -E cmake_link_script CMakeFiles/cmTC_37664.dir/link.txt --verbose=1
/usr/bin/cc       CMakeFiles/cmTC_37664.dir/CheckIncludeFile.c.o  -o cmTC_37664 -rdynamic 
make[1]: Lämnar katalogen ”/home/pi/lighthouse/lib/libjpeg-turbo-master/build/CMakeFiles/CMakeTmp”


Determining if the include file stddef.h exists passed with the following output:
Change Dir: /home/pi/lighthouse/lib/libjpeg-turbo-master/build/CMakeFiles/CMakeTmp

Run Build Command:"/usr/bin/make" "cmTC_5a456/fast"
/usr/bin/make -f CMakeFiles/cmTC_5a456.dir/build.make CMakeFiles/cmTC_5a456.dir/build
make[1]: Går till katalogen ”/home/pi/lighthouse/lib/libjpeg-turbo-master/build/CMakeFiles/CMakeTmp”
Building C object CMakeFiles/cmTC_5a456.dir/CheckIncludeFile.c.o
/usr/bin/cc     -o CMakeFiles/cmTC_5a456.dir/CheckIncludeFile.c.o   -c /home/pi/lighthouse/lib/libjpeg-turbo-master/build/CMakeFiles/CMakeTmp/CheckIncludeFile.c
Linking C executable cmTC_5a456
/usr/bin/cmake -E cmake_link_script CMakeFiles/cmTC_5a456.dir/link.txt --verbose=1
/usr/bin/cc       CMakeFiles/cmTC_5a456.dir/CheckIncludeFile.c.o  -o cmTC_5a456 -rdynamic 
make[1]: Lämnar katalogen ”/home/pi/lighthouse/lib/libjpeg-turbo-master/build/CMakeFiles/CMakeTmp”


Determining size of size_t passed with the following output:
Change Dir: /home/pi/lighthouse/lib/libjpeg-turbo-master/build/CMakeFiles/CMakeTmp

Run Build Command:"/usr/bin/make" "cmTC_fbdf0/fast"
/usr/bin/make -f CMakeFiles/cmTC_fbdf0.dir/build.make CMakeFiles/cmTC_fbdf0.dir/build
make[1]: Går till katalogen ”/home/pi/lighthouse/lib/libjpeg-turbo-master/build/CMakeFiles/CMakeTmp”
Building C object CMakeFiles/cmTC_fbdf0.dir/SIZE_T.c.o
/usr/bin/cc     -o CMakeFiles/cmTC_fbdf0.dir/SIZE_T.c.o   -c /home/pi/lighthouse/lib/libjpeg-turbo-master/build/CMakeFiles/CheckTypeSize/SIZE_T.c
Linking C executable cmTC_fbdf0
/usr/bin/cmake -E cmake_link_script CMakeFiles/cmTC_fbdf0.dir/link.txt --verbose=1
/usr/bin/cc       CMakeFiles/cmTC_fbdf0.dir/SIZE_T.c.o  -o cmTC_fbdf0 -rdynamic 
make[1]: Lämnar katalogen ”/home/pi/lighthouse/lib/libjpeg-turbo-master/build/CMakeFiles/CMakeTmp”


Determining size of unsigned long passed with the following output:
Change Dir: /home/pi/lighthouse/lib/libjpeg-turbo-master/build/CMakeFiles/CMakeTmp

Run Build Command:"/usr/bin/make" "cmTC_5e7a1/fast"
/usr/bin/make -f CMakeFiles/cmTC_5e7a1.dir/build.make CMakeFiles/cmTC_5e7a1.dir/build
make[1]: Går till katalogen ”/home/pi/lighthouse/lib/libjpeg-turbo-master/build/CMakeFiles/CMakeTmp”
Building C object CMakeFiles/cmTC_5e7a1.dir/UNSIGNED_LONG.c.o
/usr/bin/cc     -o CMakeFiles/cmTC_5e7a1.dir/UNSIGNED_LONG.c.o   -c /home/pi/lighthouse/lib/libjpeg-turbo-master/build/CMakeFiles/CheckTypeSize/UNSIGNED_LONG.c
Linking C executable cmTC_5e7a1
/usr/bin/cmake -E cmake_link_script CMakeFiles/cmTC_5e7a1.dir/link.txt --verbose=1
/usr/bin/cc       CMakeFiles/cmTC_5e7a1.dir/UNSIGNED_LONG.c.o  -o cmTC_5e7a1 -rdynamic 
make[1]: Lämnar katalogen ”/home/pi/lighthouse/lib/libjpeg-turbo-master/build/CMakeFiles/CMakeTmp”


Performing C SOURCE FILE Test HAVE_BUILTIN_CTZL succeeded with the following output:
Change Dir: /home/pi/lighthouse/lib/libjpeg-turbo-master/build/CMakeFiles/CMakeTmp

Run Build Command:"/usr/bin/make" "cmTC_03f9b/fast"
/usr/bin/make -f CMakeFiles/cmTC_03f9b.dir/build.make CMakeFiles/cmTC_03f9b.dir/build
make[1]: Går till katalogen ”/home/pi/lighthouse/lib/libjpeg-turbo-master/build/CMakeFiles/CMakeTmp”
Building C object CMakeFiles/cmTC_03f9b.dir/src.c.o
/usr/bin/cc    -DHAVE_BUILTIN_CTZL   -o CMakeFiles/cmTC_03f9b.dir/src.c.o   -c /home/pi/lighthouse/lib/libjpeg-turbo-master/build/CMakeFiles/CMakeTmp/src.c
Linking C executable cmTC_03f9b
/usr/bin/cmake -E cmake_link_script CMakeFiles/cmTC_03f9b.dir/link.txt --verbose=1
/usr/bin/cc   -DHAVE_BUILTIN_CTZL    CMakeFiles/cmTC_03f9b.dir/src.c.o  -o cmTC_03f9b -rdynamic 
make[1]: Lämnar katalogen ”/home/pi/lighthouse/lib/libjpeg-turbo-master/build/CMakeFiles/CMakeTmp”

Source file was:
int main(int argc, char **argv) { unsigned long a = argc;  return __builtin_ctzl(a); }
Determining if files locale.h exist passed with the following output:
Change Dir: /home/pi/lighthouse/lib/libjpeg-turbo-master/build/CMakeFiles/CMakeTmp

Run Build Command:"/usr/bin/make" "cmTC_4112d/fast"
/usr/bin/make -f CMakeFiles/cmTC_4112d.dir/build.make CMakeFiles/cmTC_4112d.dir/build
make[1]: Går till katalogen ”/home/pi/lighthouse/lib/libjpeg-turbo-master/build/CMakeFiles/CMakeTmp”
Building C object CMakeFiles/cmTC_4112d.dir/CheckIncludeFiles.c.o
/usr/bin/cc     -o CMakeFiles/cmTC_4112d.dir/CheckIncludeFiles.c.o   -c /home/pi/lighthouse/lib/libjpeg-turbo-master/build/CMakeFiles/CMakeTmp/CheckIncludeFiles.c
Linking C executable cmTC_4112d
/usr/bin/cmake -E cmake_link_script CMakeFiles/cmTC_4112d.dir/link.txt --verbose=1
/usr/bin/cc       CMakeFiles/cmTC_4112d.dir/CheckIncludeFiles.c.o  -o cmTC_4112d -rdynamic 
make[1]: Lämnar katalogen ”/home/pi/lighthouse/lib/libjpeg-turbo-master/build/CMakeFiles/CMakeTmp”


Determining if files stdlib.h exist passed with the following output:
Change Dir: /home/pi/lighthouse/lib/libjpeg-turbo-master/build/CMakeFiles/CMakeTmp

Run Build Command:"/usr/bin/make" "cmTC_81fe5/fast"
/usr/bin/make -f CMakeFiles/cmTC_81fe5.dir/build.make CMakeFiles/cmTC_81fe5.dir/build
make[1]: Går till katalogen ”/home/pi/lighthouse/lib/libjpeg-turbo-master/build/CMakeFiles/CMakeTmp”
Building C object CMakeFiles/cmTC_81fe5.dir/CheckIncludeFiles.c.o
/usr/bin/cc     -o CMakeFiles/cmTC_81fe5.dir/CheckIncludeFiles.c.o   -c /home/pi/lighthouse/lib/libjpeg-turbo-master/build/CMakeFiles/CMakeTmp/CheckIncludeFiles.c
Linking C executable cmTC_81fe5
/usr/bin/cmake -E cmake_link_script CMakeFiles/cmTC_81fe5.dir/link.txt --verbose=1
/usr/bin/cc       CMakeFiles/cmTC_81fe5.dir/CheckIncludeFiles.c.o  -o cmTC_81fe5 -rdynamic 
make[1]: Lämnar katalogen ”/home/pi/lighthouse/lib/libjpeg-turbo-master/build/CMakeFiles/CMakeTmp”


Determining if files sys/types.h exist passed with the following output:
Change Dir: /home/pi/lighthouse/lib/libjpeg-turbo-master/build/CMakeFiles/CMakeTmp

Run Build Command:"/usr/bin/make" "cmTC_21658/fast"
/usr/bin/make -f CMakeFiles/cmTC_21658.dir/build.make CMakeFiles/cmTC_21658.dir/build
make[1]: Går till katalogen ”/home/pi/lighthouse/lib/libjpeg-turbo-master/build/CMakeFiles/CMakeTmp”
Building C object CMakeFiles/cmTC_21658.dir/CheckIncludeFiles.c.o
/usr/bin/cc     -o CMakeFiles/cmTC_21658.dir/CheckIncludeFiles.c.o   -c /home/pi/lighthouse/lib/libjpeg-turbo-master/build/CMakeFiles/CMakeTmp/CheckIncludeFiles.c
Linking C executable cmTC_21658
/usr/bin/cmake -E cmake_link_script CMakeFiles/cmTC_21658.dir/link.txt --verbose=1
/usr/bin/cc       CMakeFiles/cmTC_21658.dir/CheckIncludeFiles.c.o  -o cmTC_21658 -rdynamic 
make[1]: Lämnar katalogen ”/home/pi/lighthouse/lib/libjpeg-turbo-master/build/CMakeFiles/CMakeTmp”


Determining if the memset exist passed with the following output:
Change Dir: /home/pi/lighthouse/lib/libjpeg-turbo-master/build/CMakeFiles/CMakeTmp

Run Build Command:"/usr/bin/make" "cmTC_e9c5d/fast"
/usr/bin/make -f CMakeFiles/cmTC_e9c5d.dir/build.make CMakeFiles/cmTC_e9c5d.dir/build
make[1]: Går till katalogen ”/home/pi/lighthouse/lib/libjpeg-turbo-master/build/CMakeFiles/CMakeTmp”
Building C object CMakeFiles/cmTC_e9c5d.dir/CheckSymbolExists.c.o
/usr/bin/cc     -o CMakeFiles/cmTC_e9c5d.dir/CheckSymbolExists.c.o   -c /home/pi/lighthouse/lib/libjpeg-turbo-master/build/CMakeFiles/CMakeTmp/CheckSymbolExists.c
Linking C executable cmTC_e9c5d
/usr/bin/cmake -E cmake_link_script CMakeFiles/cmTC_e9c5d.dir/link.txt --verbose=1
/usr/bin/cc       CMakeFiles/cmTC_e9c5d.dir/CheckSymbolExists.c.o  -o cmTC_e9c5d -rdynamic 
make[1]: Lämnar katalogen ”/home/pi/lighthouse/lib/libjpeg-turbo-master/build/CMakeFiles/CMakeTmp”

File /home/pi/lighthouse/lib/libjpeg-turbo-master/build/CMakeFiles/CMakeTmp/CheckSymbolExists.c:
/* */
#include <string.h>

int main(int argc, char** argv)
{
  (void)argv;
#ifndef memset
  return ((int*)(&memset))[argc];
#else
  (void)argc;
  return 0;
#endif
}

Determining if the memcpy exist passed with the following output:
Change Dir: /home/pi/lighthouse/lib/libjpeg-turbo-master/build/CMakeFiles/CMakeTmp

Run Build Command:"/usr/bin/make" "cmTC_e8ab6/fast"
/usr/bin/make -f CMakeFiles/cmTC_e8ab6.dir/build.make CMakeFiles/cmTC_e8ab6.dir/build
make[1]: Går till katalogen ”/home/pi/lighthouse/lib/libjpeg-turbo-master/build/CMakeFiles/CMakeTmp”
Building C object CMakeFiles/cmTC_e8ab6.dir/CheckSymbolExists.c.o
/usr/bin/cc     -o CMakeFiles/cmTC_e8ab6.dir/CheckSymbolExists.c.o   -c /home/pi/lighthouse/lib/libjpeg-turbo-master/build/CMakeFiles/CMakeTmp/CheckSymbolExists.c
Linking C executable cmTC_e8ab6
/usr/bin/cmake -E cmake_link_script CMakeFiles/cmTC_e8ab6.dir/link.txt --verbose=1
/usr/bin/cc       CMakeFiles/cmTC_e8ab6.dir/CheckSymbolExists.c.o  -o cmTC_e8ab6 -rdynamic 
make[1]: Lämnar katalogen ”/home/pi/lighthouse/lib/libjpeg-turbo-master/build/CMakeFiles/CMakeTmp”

File /home/pi/lighthouse/lib/libjpeg-turbo-master/build/CMakeFiles/CMakeTmp/CheckSymbolExists.c:
/* */
#include <string.h>

int main(int argc, char** argv)
{
  (void)argv;
#ifndef memcpy
  return ((int*)(&memcpy))[argc];
#else
  (void)argc;
  return 0;
#endif
}

Determining size of unsigned char passed with the following output:
Change Dir: /home/pi/lighthouse/lib/libjpeg-turbo-master/build/CMakeFiles/CMakeTmp

Run Build Command:"/usr/bin/make" "cmTC_54d74/fast"
/usr/bin/make -f CMakeFiles/cmTC_54d74.dir/build.make CMakeFiles/cmTC_54d74.dir/build
make[1]: Går till katalogen ”/home/pi/lighthouse/lib/libjpeg-turbo-master/build/CMakeFiles/CMakeTmp”
Building C object CMakeFiles/cmTC_54d74.dir/UNSIGNED_CHAR.c.o
/usr/bin/cc     -o CMakeFiles/cmTC_54d74.dir/UNSIGNED_CHAR.c.o   -c /home/pi/lighthouse/lib/libjpeg-turbo-master/build/CMakeFiles/CheckTypeSize/UNSIGNED_CHAR.c
Linking C executable cmTC_54d74
/usr/bin/cmake -E cmake_link_script CMakeFiles/cmTC_54d74.dir/link.txt --verbose=1
/usr/bin/cc       CMakeFiles/cmTC_54d74.dir/UNSIGNED_CHAR.c.o  -o cmTC_54d74 -rdynamic 
make[1]: Lämnar katalogen ”/home/pi/lighthouse/lib/libjpeg-turbo-master/build/CMakeFiles/CMakeTmp”


Determining size of unsigned short passed with the following output:
Change Dir: /home/pi/lighthouse/lib/libjpeg-turbo-master/build/CMakeFiles/CMakeTmp

Run Build Command:"/usr/bin/make" "cmTC_a5779/fast"
/usr/bin/make -f CMakeFiles/cmTC_a5779.dir/build.make CMakeFiles/cmTC_a5779.dir/build
make[1]: Går till katalogen ”/home/pi/lighthouse/lib/libjpeg-turbo-master/build/CMakeFiles/CMakeTmp”
Building C object CMakeFiles/cmTC_a5779.dir/UNSIGNED_SHORT.c.o
/usr/bin/cc     -o CMakeFiles/cmTC_a5779.dir/UNSIGNED_SHORT.c.o   -c /home/pi/lighthouse/lib/libjpeg-turbo-master/build/CMakeFiles/CheckTypeSize/UNSIGNED_SHORT.c
Linking C executable cmTC_a5779
/usr/bin/cmake -E cmake_link_script CMakeFiles/cmTC_a5779.dir/link.txt --verbose=1
/usr/bin/cc       CMakeFiles/cmTC_a5779.dir/UNSIGNED_SHORT.c.o  -o cmTC_a5779 -rdynamic 
make[1]: Lämnar katalogen ”/home/pi/lighthouse/lib/libjpeg-turbo-master/build/CMakeFiles/CMakeTmp”


Performing C SOURCE FILE Test INCOMPLETE_TYPES succeeded with the following output:
Change Dir: /home/pi/lighthouse/lib/libjpeg-turbo-master/build/CMakeFiles/CMakeTmp

Run Build Command:"/usr/bin/make" "cmTC_a9fe7/fast"
/usr/bin/make -f CMakeFiles/cmTC_a9fe7.dir/build.make CMakeFiles/cmTC_a9fe7.dir/build
make[1]: Går till katalogen ”/home/pi/lighthouse/lib/libjpeg-turbo-master/build/CMakeFiles/CMakeTmp”
Building C object CMakeFiles/cmTC_a9fe7.dir/src.c.o
/usr/bin/cc    -DINCOMPLETE_TYPES   -o CMakeFiles/cmTC_a9fe7.dir/src.c.o   -c /home/pi/lighthouse/lib/libjpeg-turbo-master/build/CMakeFiles/CMakeTmp/src.c
Linking C executable cmTC_a9fe7
/usr/bin/cmake -E cmake_link_script CMakeFiles/cmTC_a9fe7.dir/link.txt --verbose=1
/usr/bin/cc   -DINCOMPLETE_TYPES    CMakeFiles/cmTC_a9fe7.dir/src.c.o  -o cmTC_a9fe7 -rdynamic 
make[1]: Lämnar katalogen ”/home/pi/lighthouse/lib/libjpeg-turbo-master/build/CMakeFiles/CMakeTmp”

Source file was:
int main(void) { typedef struct undefined_structure *undef_struct_ptr;  undef_struct_ptr ptr = 0;  return ptr != 0; }
Performing C SOURCE FILE Test __CHAR_UNSIGNED__ succeeded with the following output:
Change Dir: /home/pi/lighthouse/lib/libjpeg-turbo-master/build/CMakeFiles/CMakeTmp

Run Build Command:"/usr/bin/make" "cmTC_509e2/fast"
/usr/bin/make -f CMakeFiles/cmTC_509e2.dir/build.make CMakeFiles/cmTC_509e2.dir/build
make[1]: Går till katalogen ”/home/pi/lighthouse/lib/libjpeg-turbo-master/build/CMakeFiles/CMakeTmp”
Building C object CMakeFiles/cmTC_509e2.dir/src.c.o
/usr/bin/cc    -D__CHAR_UNSIGNED__   -o CMakeFiles/cmTC_509e2.dir/src.c.o   -c /home/pi/lighthouse/lib/libjpeg-turbo-master/build/CMakeFiles/CMakeTmp/src.c
Linking C executable cmTC_509e2
/usr/bin/cmake -E cmake_link_script CMakeFiles/cmTC_509e2.dir/link.txt --verbose=1
/usr/bin/cc   -D__CHAR_UNSIGNED__    CMakeFiles/cmTC_509e2.dir/src.c.o  -o cmTC_509e2 -rdynamic 
make[1]: Lämnar katalogen ”/home/pi/lighthouse/lib/libjpeg-turbo-master/build/CMakeFiles/CMakeTmp”

Return value: 1
Source file was:
int main(void) { return ((char) -1 < 0); }
Performing C SOURCE FILE Test INLINE_WORKS succeeded with the following output:
Change Dir: /home/pi/lighthouse/lib/libjpeg-turbo-master/build/CMakeFiles/CMakeTmp

Run Build Command:"/usr/bin/make" "cmTC_aad0b/fast"
/usr/bin/make -f CMakeFiles/cmTC_aad0b.dir/build.make CMakeFiles/cmTC_aad0b.dir/build
make[1]: Går till katalogen ”/home/pi/lighthouse/lib/libjpeg-turbo-master/build/CMakeFiles/CMakeTmp”
Building C object CMakeFiles/cmTC_aad0b.dir/src.c.o
/usr/bin/cc    -DINLINE_WORKS   -o CMakeFiles/cmTC_aad0b.dir/src.c.o   -c /home/pi/lighthouse/lib/libjpeg-turbo-master/build/CMakeFiles/CMakeTmp/src.c
Linking C executable cmTC_aad0b
/usr/bin/cmake -E cmake_link_script CMakeFiles/cmTC_aad0b.dir/link.txt --verbose=1
/usr/bin/cc   -DINLINE_WORKS    CMakeFiles/cmTC_aad0b.dir/src.c.o  -o cmTC_aad0b -rdynamic 
make[1]: Lämnar katalogen ”/home/pi/lighthouse/lib/libjpeg-turbo-master/build/CMakeFiles/CMakeTmp”

Source file was:
__inline__ __attribute__((always_inline)) static int foo(void) { return 0; } int main(void) { return foo(); }
Performing C SOURCE FILE Test HAVE_VERSION_SCRIPT succeeded with the following output:
Change Dir: /home/pi/lighthouse/lib/libjpeg-turbo-master/build/CMakeFiles/CMakeTmp

Run Build Command:"/usr/bin/make" "cmTC_c7f2d/fast"
/usr/bin/make -f CMakeFiles/cmTC_c7f2d.dir/build.make CMakeFiles/cmTC_c7f2d.dir/build
make[1]: Går till katalogen ”/home/pi/lighthouse/lib/libjpeg-turbo-master/build/CMakeFiles/CMakeTmp”
Building C object CMakeFiles/cmTC_c7f2d.dir/src.c.o
/usr/bin/cc    -DHAVE_VERSION_SCRIPT -Wl,--version-script,/home/pi/lighthouse/lib/libjpeg-turbo-master/build/conftest.map   -o CMakeFiles/cmTC_c7f2d.dir/src.c.o   -c /home/pi/lighthouse/lib/libjpeg-turbo-master/build/CMakeFiles/CMakeTmp/src.c
Linking C executable cmTC_c7f2d
/usr/bin/cmake -E cmake_link_script CMakeFiles/cmTC_c7f2d.dir/link.txt --verbose=1
/usr/bin/cc   -DHAVE_VERSION_SCRIPT -Wl,--version-script,/home/pi/lighthouse/lib/libjpeg-turbo-master/build/conftest.map    CMakeFiles/cmTC_c7f2d.dir/src.c.o  -o cmTC_c7f2d -rdynamic 
make[1]: Lämnar katalogen ”/home/pi/lighthouse/lib/libjpeg-turbo-master/build/CMakeFiles/CMakeTmp”

Source file was:
int main(void) { return 0; }
